[2022-01-21T16:45:21.572661+01:00] Aphlict Server.WARNING: the configuration file has not been provided! [] []
[2022-01-21T16:45:21.657811+01:00] Aphlict Server.INFO: Starting servers (service PID 124) [] []
[2022-01-21T16:46:59.802226+01:00] Aphlict Server.WARNING: the configuration file has not been provided! [] []
[2022-01-21T16:46:59.911343+01:00] Aphlict Server.INFO: Starting servers (service PID 125) [] []
[2022-01-21T16:49:38.819489+01:00] Aphlict Server.INFO: Starting servers (service PID 135) [] []
[2022-01-21T16:49:38.923416+01:00] Aphlict Server.INFO: Started client server (Address: 0.0.0.0, Port 22280, No SSL) [] []
[2022-01-21T16:50:10.572237+01:00] Aphlict Server.INFO: Starting servers (service PID 154) [] []
[2022-01-21T16:50:10.668651+01:00] Aphlict Server.INFO: Started client server (Address: 0.0.0.0, Port 22280, No SSL) [] []
[2022-01-21T16:55:45.970314+01:00] Aphlict Server.WARNING: Unknown argument 'bla=no' [] []
[2022-01-21T16:55:50.918391+01:00] Aphlict Server.WARNING: the configuration file has not been provided! [] []
[2022-01-21T16:55:50.994805+01:00] Aphlict Server.INFO: Starting servers (service PID 180) [] []
[2022-01-21T16:59:57.578573+01:00] Aphlict Server.WARNING: No arguments provided [] []
[2022-01-21T17:00:21.211044+01:00] Aphlict Server.WARNING: Unknown argument 'test=' [] []
[2022-01-21T17:02:35.889016+01:00] Aphlict Server.WARNING: Malformed argument [] []
[2022-01-21T17:04:33.845331+01:00] Aphlict Server.WARNING: Malformed argument [] []
[2022-01-21T17:04:36.310210+01:00] Aphlict Server.WARNING: Malformed argument [] []
[2022-01-21T17:04:38.903751+01:00] Aphlict Server.WARNING: Unknown argument '=test' [] []
[2022-01-21T17:04:42.408591+01:00] Aphlict Server.WARNING: Unknown argument '=test' [] []
[2022-02-08T10:22:24.999871+01:00] Aphlict Server.WARNING: No arguments provided [] []
[2022-02-08T10:22:55.010366+01:00] Aphlict Server.INFO: Starting servers (service PID 536) [] []
[2022-02-08T10:22:55.085805+01:00] Aphlict Server.INFO: Started admin server (Address: 127.0.0.1, Port 22281, No SSL) [] []
[2022-02-24T16:39:51.296213+01:00] Aphlict Server.WARNING: No arguments provided [] []
[2022-02-24T16:40:21.297932+01:00] Aphlict Server.INFO: Starting servers (service PID 82) [] []
[2022-02-24T16:40:21.406011+01:00] Aphlict Server.INFO: Started admin server (Address: 127.0.0.1, Port 22281, No SSL) [] []
[2022-02-24T16:41:20.898254+01:00] Aphlict Server.INFO: Starting servers (service PID 100) [] []
[2022-02-24T16:41:38.970769+01:00] Aphlict Server.INFO: Starting servers (service PID 101) [] []
[2022-02-24T16:41:39.069784+01:00] Aphlict Server.INFO: Started admin server (Address: 127.0.0.1, Port 22281, No SSL) [] []
